<?xml version="1.0" encoding="UTF-8"?><testrun duration="351" footerText="Generated by IntelliJ IDEA on 18-3-30 下午6:19" name="Auth2Test.testRequest">
    <count name="total" value="1"/>
    <count name="error" value="1"/>
    <config nameIsGenerated="true" configId="JUnit" name="Auth2Test.testRequest">
        <module name="hibernate_validator6"/>
        <extension name="coverage">
            <pattern>
                <option name="PATTERN" value="com.hp.springboot.hibernate.validator6.*"/>
                <option name="ENABLED" value="true"/>
            </pattern>
        </extension>
        <option name="ALTERNATIVE_JRE_PATH_ENABLED" value="false"/>
        <option name="ALTERNATIVE_JRE_PATH"/>
        <option name="PACKAGE_NAME" value="com.hp.springboot.hibernate.validator6"/>
        <option name="MAIN_CLASS_NAME" value="com.hp.springboot.hibernate.validator6.Auth2Test"/>
        <option name="METHOD_NAME" value="testRequest"/>
        <option name="TEST_OBJECT" value="method"/>
        <option name="VM_PARAMETERS" value="-ea"/>
        <option name="PARAMETERS"/>
        <option name="WORKING_DIRECTORY" value="$MODULE_DIR$"/>
        <option name="PASS_PARENT_ENVS" value="true"/>
        <option name="TEST_SEARCH_SCOPE">
            <value defaultName="singleModule"/>
        </option>
        <patterns/>
    </config>
    <root name="Auth2Test" comment="com.hp.springboot.hibernate.validator6" location="java:suite://com.hp.springboot.hibernate.validator6.Auth2Test">
        <output type="stdout">&amp;quot;C:\Program Files\Java\jdk1.8.0_65\bin\java&amp;quot; -ea -Didea.test.cyclic.buffer.size=1048576 &amp;quot;-javaagent:C:\Program Files\ideaIU-2018.1.win\lib\idea_rt.jar=12719:C:\Program Files\ideaIU-2018.1.win\bin&amp;quot; -Dfile.encoding=UTF-8 -classpath &amp;quot;C:\Program Files\ideaIU-2018.1.win\lib\idea_rt.jar;C:\Program Files\ideaIU-2018.1.win\plugins\junit\lib\junit-rt.jar;C:\Program Files\ideaIU-2018.1.win\plugins\junit\lib\junit5-rt.jar;C:\Program Files\Java\jdk1.8.0_65\jre\lib\charsets.jar;C:\Program Files\Java\jdk1.8.0_65\jre\lib\deploy.jar;C:\Program Files\Java\jdk1.8.0_65\jre\lib\ext\access-bridge-64.jar;C:\Program Files\Java\jdk1.8.0_65\jre\lib\ext\cldrdata.jar;C:\Program Files\Java\jdk1.8.0_65\jre\lib\ext\dnsns.jar;C:\Program Files\Java\jdk1.8.0_65\jre\lib\ext\jaccess.jar;C:\Program Files\Java\jdk1.8.0_65\jre\lib\ext\jfxrt.jar;C:\Program Files\Java\jdk1.8.0_65\jre\lib\ext\localedata.jar;C:\Program Files\Java\jdk1.8.0_65\jre\lib\ext\nashorn.jar;C:\Program Files\Java\jdk1.8.0_65\jre\lib\ext\sunec.jar;C:\Program Files\Java\jdk1.8.0_65\jre\lib\ext\sunjce_provider.jar;C:\Program Files\Java\jdk1.8.0_65\jre\lib\ext\sunmscapi.jar;C:\Program Files\Java\jdk1.8.0_65\jre\lib\ext\sunpkcs11.jar;C:\Program Files\Java\jdk1.8.0_65\jre\lib\ext\zipfs.jar;C:\Program Files\Java\jdk1.8.0_65\jre\lib\javaws.jar;C:\Program Files\Java\jdk1.8.0_65\jre\lib\jce.jar;C:\Program Files\Java\jdk1.8.0_65\jre\lib\jfr.jar;C:\Program Files\Java\jdk1.8.0_65\jre\lib\jfxswt.jar;C:\Program Files\Java\jdk1.8.0_65\jre\lib\jsse.jar;C:\Program Files\Java\jdk1.8.0_65\jre\lib\management-agent.jar;C:\Program Files\Java\jdk1.8.0_65\jre\lib\plugin.jar;C:\Program Files\Java\jdk1.8.0_65\jre\lib\resources.jar;C:\Program Files\Java\jdk1.8.0_65\jre\lib\rt.jar;D:\Workplace\springboot-hibernate-validator6\hibernate_validator6\target\test-classes;D:\Workplace\springboot-hibernate-validator6\hibernate_validator6\target\classes;C:\Users\Administrator.LAPTOP-SR5GB8MU\.m2\repository\org\springframework\boot\spring-boot-starter-web\2.0.0.RELEASE\spring-boot-starter-web-2.0.0.RELEASE.jar;C:\Users\Administrator.LAPTOP-SR5GB8MU\.m2\repository\org\springframework\boot\spring-boot-starter\2.0.0.RELEASE\spring-boot-starter-2.0.0.RELEASE.jar;C:\Users\Administrator.LAPTOP-SR5GB8MU\.m2\repository\javax\annotation\javax.annotation-api\1.3.2\javax.annotation-api-1.3.2.jar;C:\Users\Administrator.LAPTOP-SR5GB8MU\.m2\repository\org\yaml\snakeyaml\1.19\snakeyaml-1.19.jar;C:\Users\Administrator.LAPTOP-SR5GB8MU\.m2\repository\org\springframework\boot\spring-boot-starter-json\2.0.0.RELEASE\spring-boot-starter-json-2.0.0.RELEASE.jar;C:\Users\Administrator.LAPTOP-SR5GB8MU\.m2\repository\com\fasterxml\jackson\core\jackson-databind\2.9.4\jackson-databind-2.9.4.jar;C:\Users\Administrator.LAPTOP-SR5GB8MU\.m2\repository\com\fasterxml\jackson\core\jackson-annotations\2.9.0\jackson-annotations-2.9.0.jar;C:\Users\Administrator.LAPTOP-SR5GB8MU\.m2\repository\com\fasterxml\jackson\core\jackson-core\2.9.4\jackson-core-2.9.4.jar;C:\Users\Administrator.LAPTOP-SR5GB8MU\.m2\repository\com\fasterxml\jackson\datatype\jackson-datatype-jdk8\2.9.4\jackson-datatype-jdk8-2.9.4.jar;C:\Users\Administrator.LAPTOP-SR5GB8MU\.m2\repository\com\fasterxml\jackson\datatype\jackson-datatype-jsr310\2.9.4\jackson-datatype-jsr310-2.9.4.jar;C:\Users\Administrator.LAPTOP-SR5GB8MU\.m2\repository\com\fasterxml\jackson\module\jackson-module-parameter-names\2.9.4\jackson-module-parameter-names-2.9.4.jar;C:\Users\Administrator.LAPTOP-SR5GB8MU\.m2\repository\org\springframework\boot\spring-boot-starter-tomcat\2.0.0.RELEASE\spring-boot-starter-tomcat-2.0.0.RELEASE.jar;C:\Users\Administrator.LAPTOP-SR5GB8MU\.m2\repository\org\apache\tomcat\embed\tomcat-embed-core\8.5.28\tomcat-embed-core-8.5.28.jar;C:\Users\Administrator.LAPTOP-SR5GB8MU\.m2\repository\org\apache\tomcat\embed\tomcat-embed-el\8.5.28\tomcat-embed-el-8.5.28.jar;C:\Users\Administrator.LAPTOP-SR5GB8MU\.m2\repository\org\apache\tomcat\embed\tomcat-embed-websocket\8.5.28\tomcat-embed-websocket-8.5.28.jar;C:\Users\Administrator.LAPTOP-SR5GB8MU\.m2\repository\org\hibernate\validator\hibernate-validator\6.0.7.Final\hibernate-validator-6.0.7.Final.jar;C:\Users\Administrator.LAPTOP-SR5GB8MU\.m2\repository\javax\validation\validation-api\2.0.1.Final\validation-api-2.0.1.Final.jar;C:\Users\Administrator.LAPTOP-SR5GB8MU\.m2\repository\org\jboss\logging\jboss-logging\3.3.2.Final\jboss-logging-3.3.2.Final.jar;C:\Users\Administrator.LAPTOP-SR5GB8MU\.m2\repository\com\fasterxml\classmate\1.3.4\classmate-1.3.4.jar;C:\Users\Administrator.LAPTOP-SR5GB8MU\.m2\repository\org\springframework\spring-web\5.0.4.RELEASE\spring-web-5.0.4.RELEASE.jar;C:\Users\Administrator.LAPTOP-SR5GB8MU\.m2\repository\org\springframework\spring-beans\5.0.4.RELEASE\spring-beans-5.0.4.RELEASE.jar;C:\Users\Administrator.LAPTOP-SR5GB8MU\.m2\repository\org\springframework\spring-webmvc\5.0.4.RELEASE\spring-webmvc-5.0.4.RELEASE.jar;C:\Users\Administrator.LAPTOP-SR5GB8MU\.m2\repository\org\springframework\spring-aop\5.0.4.RELEASE\spring-aop-5.0.4.RELEASE.jar;C:\Users\Administrator.LAPTOP-SR5GB8MU\.m2\repository\org\springframework\spring-context\5.0.4.RELEASE\spring-context-5.0.4.RELEASE.jar;C:\Users\Administrator.LAPTOP-SR5GB8MU\.m2\repository\org\springframework\spring-expression\5.0.4.RELEASE\spring-expression-5.0.4.RELEASE.jar;C:\Users\Administrator.LAPTOP-SR5GB8MU\.m2\repository\org\springframework\boot\spring-boot-starter-logging\2.0.0.RELEASE\spring-boot-starter-logging-2.0.0.RELEASE.jar;C:\Users\Administrator.LAPTOP-SR5GB8MU\.m2\repository\ch\qos\logback\logback-classic\1.2.3\logback-classic-1.2.3.jar;C:\Users\Administrator.LAPTOP-SR5GB8MU\.m2\repository\ch\qos\logback\logback-core\1.2.3\logback-core-1.2.3.jar;C:\Users\Administrator.LAPTOP-SR5GB8MU\.m2\repository\org\apache\logging\log4j\log4j-to-slf4j\2.10.0\log4j-to-slf4j-2.10.0.jar;C:\Users\Administrator.LAPTOP-SR5GB8MU\.m2\repository\org\apache\logging\log4j\log4j-api\2.10.0\log4j-api-2.10.0.jar;C:\Users\Administrator.LAPTOP-SR5GB8MU\.m2\repository\org\slf4j\jul-to-slf4j\1.7.25\jul-to-slf4j-1.7.25.jar;C:\Users\Administrator.LAPTOP-SR5GB8MU\.m2\repository\org\springframework\boot\spring-boot-starter-thymeleaf\2.0.0.RELEASE\spring-boot-starter-thymeleaf-2.0.0.RELEASE.jar;C:\Users\Administrator.LAPTOP-SR5GB8MU\.m2\repository\org\thymeleaf\thymeleaf-spring5\3.0.9.RELEASE\thymeleaf-spring5-3.0.9.RELEASE.jar;C:\Users\Administrator.LAPTOP-SR5GB8MU\.m2\repository\org\thymeleaf\thymeleaf\3.0.9.RELEASE\thymeleaf-3.0.9.RELEASE.jar;C:\Users\Administrator.LAPTOP-SR5GB8MU\.m2\repository\org\attoparser\attoparser\2.0.4.RELEASE\attoparser-2.0.4.RELEASE.jar;C:\Users\Administrator.LAPTOP-SR5GB8MU\.m2\repository\org\unbescape\unbescape\1.1.5.RELEASE\unbescape-1.1.5.RELEASE.jar;C:\Users\Administrator.LAPTOP-SR5GB8MU\.m2\repository\org\thymeleaf\extras\thymeleaf-extras-java8time\3.0.1.RELEASE\thymeleaf-extras-java8time-3.0.1.RELEASE.jar;C:\Users\Administrator.LAPTOP-SR5GB8MU\.m2\repository\org\apache\commons\commons-lang3\3.7\commons-lang3-3.7.jar;C:\Users\Administrator.LAPTOP-SR5GB8MU\.m2\repository\commons-codec\commons-codec\1.10\commons-codec-1.10.jar;C:\Users\Administrator.LAPTOP-SR5GB8MU\.m2\repository\com\netflix\archaius\archaius-core\0.6.0\archaius-core-0.6.0.jar;C:\Users\Administrator.LAPTOP-SR5GB8MU\.m2\repository\com\google\guava\guava\11.0.2\guava-11.0.2.jar;C:\Users\Administrator.LAPTOP-SR5GB8MU\.m2\repository\com\google\code\findbugs\jsr305\1.3.9\jsr305-1.3.9.jar;C:\Users\Administrator.LAPTOP-SR5GB8MU\.m2\repository\org\codehaus\jackson\jackson-mapper-asl\1.9.11\jackson-mapper-asl-1.9.11.jar;C:\Users\Administrator.LAPTOP-SR5GB8MU\.m2\repository\commons-configuration\commons-configuration\1.8\commons-configuration-1.8.jar;C:\Users\Administrator.LAPTOP-SR5GB8MU\.m2\repository\commons-lang\commons-lang\2.6\commons-lang-2.6.jar;C:\Users\Administrator.LAPTOP-SR5GB8MU\.m2\repository\org\slf4j\slf4j-api\1.7.25\slf4j-api-1.7.25.jar;C:\Users\Administrator.LAPTOP-SR5GB8MU\.m2\repository\org\codehaus\jackson\jackson-core-asl\1.9.11\jackson-core-asl-1.9.11.jar;C:\Users\Administrator.LAPTOP-SR5GB8MU\.m2\repository\com\google\code\findbugs\annotations\2.0.0\annotations-2.0.0.jar;C:\Users\Administrator.LAPTOP-SR5GB8MU\.m2\repository\commons-httpclient\commons-httpclient\3.1\commons-httpclient-3.1.jar;C:\Users\Administrator.LAPTOP-SR5GB8MU\.m2\repository\commons-logging\commons-logging\1.0.4\commons-logging-1.0.4.jar;C:\Users\Administrator.LAPTOP-SR5GB8MU\.m2\repository\org\apache\httpcomponents\httpclient\4.3.5\httpclient-4.3.5.jar;C:\Users\Administrator.LAPTOP-SR5GB8MU\.m2\repository\org\apache\httpcomponents\httpcore\4.4.9\httpcore-4.4.9.jar;C:\Users\Administrator.LAPTOP-SR5GB8MU\.m2\repository\commons-io\commons-io\2.3\commons-io-2.3.jar;C:\Users\Administrator.LAPTOP-SR5GB8MU\.m2\repository\org\projectlombok\lombok\1.16.18\lombok-1.16.18.jar;C:\Users\Administrator.LAPTOP-SR5GB8MU\.m2\repository\org\springframework\boot\spring-boot-starter-test\2.0.0.RELEASE\spring-boot-starter-test-2.0.0.RELEASE.jar;C:\Users\Administrator.LAPTOP-SR5GB8MU\.m2\repository\org\springframework\boot\spring-boot-test\2.0.0.RELEASE\spring-boot-test-2.0.0.RELEASE.jar;C:\Users\Administrator.LAPTOP-SR5GB8MU\.m2\repository\org\springframework\boot\spring-boot-test-autoconfigure\2.0.0.RELEASE\spring-boot-test-autoconfigure-2.0.0.RELEASE.jar;C:\Users\Administrator.LAPTOP-SR5GB8MU\.m2\repository\com\jayway\jsonpath\json-path\2.4.0\json-path-2.4.0.jar;C:\Users\Administrator.LAPTOP-SR5GB8MU\.m2\repository\net\minidev\json-smart\2.3\json-smart-2.3.jar;C:\Users\Administrator.LAPTOP-SR5GB8MU\.m2\repository\net\minidev\accessors-smart\1.2\accessors-smart-1.2.jar;C:\Users\Administrator.LAPTOP-SR5GB8MU\.m2\repository\org\ow2\asm\asm\5.0.4\asm-5.0.4.jar;C:\Users\Administrator.LAPTOP-SR5GB8MU\.m2\repository\junit\junit\4.12\junit-4.12.jar;C:\Users\Administrator.LAPTOP-SR5GB8MU\.m2\repository\org\assertj\assertj-core\3.9.1\assertj-core-3.9.1.jar;C:\Users\Administrator.LAPTOP-SR5GB8MU\.m2\repository\org\mockito\mockito-core\2.15.0\mockito-core-2.15.0.jar;C:\Users\Administrator.LAPTOP-SR5GB8MU\.m2\repository\net\bytebuddy\byte-buddy\1.7.10\byte-buddy-1.7.10.jar;C:\Users\Administrator.LAPTOP-SR5GB8MU\.m2\repository\net\bytebuddy\byte-buddy-agent\1.7.10\byte-buddy-agent-1.7.10.jar;C:\Users\Administrator.LAPTOP-SR5GB8MU\.m2\repository\org\objenesis\objenesis\2.6\objenesis-2.6.jar;C:\Users\Administrator.LAPTOP-SR5GB8MU\.m2\repository\org\hamcrest\hamcrest-core\1.3\hamcrest-core-1.3.jar;C:\Users\Administrator.LAPTOP-SR5GB8MU\.m2\repository\org\hamcrest\hamcrest-library\1.3\hamcrest-library-1.3.jar;C:\Users\Administrator.LAPTOP-SR5GB8MU\.m2\repository\org\skyscreamer\jsonassert\1.5.0\jsonassert-1.5.0.jar;C:\Users\Administrator.LAPTOP-SR5GB8MU\.m2\repository\com\vaadin\external\google\android-json\0.0.20131108.vaadin1\android-json-0.0.20131108.vaadin1.jar;C:\Users\Administrator.LAPTOP-SR5GB8MU\.m2\repository\org\springframework\spring-core\5.0.4.RELEASE\spring-core-5.0.4.RELEASE.jar;C:\Users\Administrator.LAPTOP-SR5GB8MU\.m2\repository\org\springframework\spring-jcl\5.0.4.RELEASE\spring-jcl-5.0.4.RELEASE.jar;C:\Users\Administrator.LAPTOP-SR5GB8MU\.m2\repository\org\springframework\spring-test\5.0.4.RELEASE\spring-test-5.0.4.RELEASE.jar;C:\Users\Administrator.LAPTOP-SR5GB8MU\.m2\repository\org\xmlunit\xmlunit-core\2.5.1\xmlunit-core-2.5.1.jar;C:\Users\Administrator.LAPTOP-SR5GB8MU\.m2\repository\org\springframework\boot\spring-boot-devtools\2.0.0.RELEASE\spring-boot-devtools-2.0.0.RELEASE.jar;C:\Users\Administrator.LAPTOP-SR5GB8MU\.m2\repository\org\springframework\boot\spring-boot\2.0.0.RELEASE\spring-boot-2.0.0.RELEASE.jar;C:\Users\Administrator.LAPTOP-SR5GB8MU\.m2\repository\org\springframework\boot\spring-boot-autoconfigure\2.0.0.RELEASE\spring-boot-autoconfigure-2.0.0.RELEASE.jar&amp;quot; com.intellij.rt.execution.junit.JUnitStarter -ideVersion5 -junit4 com.hp.springboot.hibernate.validator6.Auth2Test,testRequest
</output>
        <output type="stderr">三月 30, 2018 6:19:01 下午 org.springframework.test.context.support.AbstractTestContextBootstrapper buildDefaultMergedContextConfiguration
信息: Neither @ContextConfiguration nor @ContextHierarchy found for test class [com.hp.springboot.hibernate.validator6.Auth2Test], using SpringBootContextLoader
三月 30, 2018 6:19:01 下午 org.springframework.test.context.support.AbstractContextLoader generateDefaultLocations
信息: Could not detect default resource locations for test class [com.hp.springboot.hibernate.validator6.Auth2Test]: no resource found for suffixes {-context.xml, Context.groovy}.
三月 30, 2018 6:19:01 下午 org.springframework.test.context.support.AnnotationConfigContextLoaderUtils detectDefaultConfigurationClasses
信息: Could not detect default configuration classes for test class [com.hp.springboot.hibernate.validator6.Auth2Test]: Auth2Test does not declare any static, non-private, non-final, nested classes annotated with @Configuration.
三月 30, 2018 6:19:01 下午 org.springframework.boot.test.context.SpringBootTestContextBootstrapper getOrFindConfigurationClasses
信息: Found @SpringBootConfiguration com.hp.springboot.hibernate.validator6.Application for test class com.hp.springboot.hibernate.validator6.Auth2Test
三月 30, 2018 6:19:01 下午 org.springframework.test.context.support.AbstractTestContextBootstrapper getDefaultTestExecutionListenerClassNames
信息: Loaded default TestExecutionListener class names from location [META-INF/spring.factories]: [org.springframework.boot.test.mock.mockito.MockitoTestExecutionListener, org.springframework.boot.test.mock.mockito.ResetMocksTestExecutionListener, org.springframework.boot.test.autoconfigure.restdocs.RestDocsTestExecutionListener, org.springframework.boot.test.autoconfigure.web.client.MockRestServiceServerResetTestExecutionListener, org.springframework.boot.test.autoconfigure.web.servlet.MockMvcPrintOnlyOnFailureTestExecutionListener, org.springframework.boot.test.autoconfigure.web.servlet.WebDriverTestExecutionListener, org.springframework.test.context.web.ServletTestExecutionListener, org.springframework.test.context.support.DirtiesContextBeforeModesTestExecutionListener, org.springframework.test.context.support.DependencyInjectionTestExecutionListener, org.springframework.test.context.support.DirtiesContextTestExecutionListener, org.springframework.test.context.transaction.TransactionalTestExecutionListener, org.springframework.test.context.jdbc.SqlScriptsTestExecutionListener]
三月 30, 2018 6:19:01 下午 org.springframework.test.context.support.AbstractTestContextBootstrapper getTestExecutionListeners
信息: Using TestExecutionListeners: [org.springframework.test.context.web.ServletTestExecutionListener@6193932a, org.springframework.test.context.support.DirtiesContextBeforeModesTestExecutionListener@647fd8ce, org.springframework.boot.test.mock.mockito.MockitoTestExecutionListener@159f197, org.springframework.boot.test.autoconfigure.SpringBootDependencyInjectionTestExecutionListener@78aab498, org.springframework.test.context.support.DirtiesContextTestExecutionListener@5dd6264, org.springframework.boot.test.mock.mockito.ResetMocksTestExecutionListener@1ffe63b9, org.springframework.boot.test.autoconfigure.restdocs.RestDocsTestExecutionListener@51e5fc98, org.springframework.boot.test.autoconfigure.web.client.MockRestServiceServerResetTestExecutionListener@7c469c48, org.springframework.boot.test.autoconfigure.web.servlet.MockMvcPrintOnlyOnFailureTestExecutionListener@12e61fe6, org.springframework.boot.test.autoconfigure.web.servlet.WebDriverTestExecutionListener@7ee955a8]
</output>
        <output type="stdout">  .   ____          _            __ _ _
 /\\ / ___&amp;#39;_ __ _ _(_)_ __  __ _ \ \ \ \
( ( )\___ | &amp;#39;_ | &amp;#39;_| | &amp;#39;_ \/ _` | \ \ \ \
 \\/  ___)| |_)| | | | | || (_| |  ) ) ) )
  &amp;#39;  |____| .__|_| |_|_| |_\__, | / / / /
 =========|_|==============|___/=/_/_/_/
 :: Spring Boot ::        (v2.0.0.RELEASE)
2018-03-30 18:19:02.710  INFO 44512 --- [           main] c.h.s.hibernate.validator6.Auth2Test     : Starting Auth2Test on LAPTOP-SR5GB8MU with PID 44512 (started by Administrator in D:\Workplace\springboot-hibernate-validator6\hibernate_validator6)
2018-03-30 18:19:02.714  INFO 44512 --- [           main] c.h.s.hibernate.validator6.Auth2Test     : No active profile set, falling back to default profiles: default
2018-03-30 18:19:02.769  INFO 44512 --- [           main] o.s.w.c.s.GenericWebApplicationContext   : Refreshing org.springframework.web.context.support.GenericWebApplicationContext@41a0aa7d: startup date [Fri Mar 30 18:19:02 CST 2018]; root of context hierarchy
2018-03-30 18:19:04.627  INFO 44512 --- [           main] s.w.s.m.m.a.RequestMappingHandlerAdapter : Looking for @ControllerAdvice: org.springframework.web.context.support.GenericWebApplicationContext@41a0aa7d: startup date [Fri Mar 30 18:19:02 CST 2018]; root of context hierarchy
2018-03-30 18:19:04.725  INFO 44512 --- [           main] s.w.s.m.m.a.RequestMappingHandlerMapping : Mapped &amp;quot;{[/api/auth2]}&amp;quot; onto public com.hp.springboot.hibernate.validator6.result.Result com.hp.springboot.hibernate.validator6.controller.ApiController.auth2(javax.servlet.http.HttpServletRequest) throws java.lang.Exception
2018-03-30 18:19:04.726  INFO 44512 --- [           main] s.w.s.m.m.a.RequestMappingHandlerMapping : Mapped &amp;quot;{[/api/auth1]}&amp;quot; onto public com.hp.springboot.hibernate.validator6.result.Result com.hp.springboot.hibernate.validator6.controller.ApiController.auth1(javax.servlet.http.HttpServletRequest) throws java.lang.Exception
2018-03-30 18:19:04.728  INFO 44512 --- [           main] s.w.s.m.m.a.RequestMappingHandlerMapping : Mapped &amp;quot;{[/index/]}&amp;quot; onto public java.lang.String com.hp.springboot.hibernate.validator6.controller.IndexController.index()
2018-03-30 18:19:04.729  INFO 44512 --- [           main] s.w.s.m.m.a.RequestMappingHandlerMapping : Mapped &amp;quot;{[/index/test]}&amp;quot; onto public java.lang.String com.hp.springboot.hibernate.validator6.controller.IndexController.test(java.lang.String)
2018-03-30 18:19:04.732  INFO 44512 --- [           main] s.w.s.m.m.a.RequestMappingHandlerMapping : Mapped &amp;quot;{[/error]}&amp;quot; onto public org.springframework.http.ResponseEntity&amp;lt;java.util.Map&amp;lt;java.lang.String, java.lang.Object&amp;gt;&amp;gt; org.springframework.boot.autoconfigure.web.servlet.error.BasicErrorController.error(javax.servlet.http.HttpServletRequest)
2018-03-30 18:19:04.734  INFO 44512 --- [           main] s.w.s.m.m.a.RequestMappingHandlerMapping : Mapped &amp;quot;{[/error],produces=[text/html]}&amp;quot; onto public org.springframework.web.servlet.ModelAndView org.springframework.boot.autoconfigure.web.servlet.error.BasicErrorController.errorHtml(javax.servlet.http.HttpServletRequest,javax.servlet.http.HttpServletResponse)
2018-03-30 18:19:04.773  INFO 44512 --- [           main] o.s.w.s.handler.SimpleUrlHandlerMapping  : Mapped URL path [/webjars/**] onto handler of type [class org.springframework.web.servlet.resource.ResourceHttpRequestHandler]
2018-03-30 18:19:04.774  INFO 44512 --- [           main] o.s.w.s.handler.SimpleUrlHandlerMapping  : Mapped URL path [/**] onto handler of type [class org.springframework.web.servlet.resource.ResourceHttpRequestHandler]
2018-03-30 18:19:04.815  INFO 44512 --- [           main] o.s.w.s.handler.SimpleUrlHandlerMapping  : Mapped URL path [/**/favicon.ico] onto handler of type [class org.springframework.web.servlet.resource.ResourceHttpRequestHandler]
2018-03-30 18:19:04.926  INFO 44512 --- [           main] o.s.b.a.w.s.WelcomePageHandlerMapping    : Adding welcome page: class path resource [static/index.html]
2018-03-30 18:19:05.299  INFO 44512 --- [           main] c.h.s.hibernate.validator6.Auth2Test     : Started Auth2Test in 3.243 seconds (JVM running for 4.82)
2018-03-30 18:19:05.679  INFO 44512 --- [       Thread-3] o.s.w.c.s.GenericWebApplicationContext   : Closing org.springframework.web.context.support.GenericWebApplicationContext@41a0aa7d: startup date [Fri Mar 30 18:19:02 CST 2018]; root of context hierarchy
</output>
        <output type="stdout">Process finished with exit code -1
</output>
    </root>
    <test duration="351" locationUrl="java:test://com.hp.springboot.hibernate.validator6.Auth2Test.testRequest" name="Auth2Test.testRequest" status="error">
        <output type="stdout">2018-03-30 18:19:05.446  INFO 44512 --- [           main] c.n.c.sources.URLConfigurationSource     : URLs to be used as dynamic configuration source: [file:/D:/Workplace/springboot-hibernate-validator6/hibernate_validator6/target/classes/config.properties]
2018-03-30 18:19:05.460  INFO 44512 --- [           main] c.netflix.config.DynamicPropertyFactory  : DynamicPropertyFactory is initialized with configuration sources: com.netflix.config.ConcurrentCompositeConfiguration@4e25147a
</output>
        <output type="stderr">java.lang.Exception: javax.crypto.BadPaddingException: Decryption error
&#13;
	at com.hp.springboot.hibernate.validator6.utils.encrypt.RSAUtil.decrypt(RSAUtil.java:176)&#13;
	at com.hp.springboot.hibernate.validator6.Auth2Test.testRequest(Auth2Test.java:52)&#13;
	at sun.reflect.NativeMethodAccessorImpl.invoke0(Native Method)&#13;
	at sun.reflect.NativeMethodAccessorImpl.invoke(NativeMethodAccessorImpl.java:62)&#13;
	at sun.reflect.DelegatingMethodAccessorImpl.invoke(DelegatingMethodAccessorImpl.java:43)&#13;
	at java.lang.reflect.Method.invoke(Method.java:497)&#13;
	at org.junit.runners.model.FrameworkMethod$1.runReflectiveCall(FrameworkMethod.java:50)&#13;
	at org.junit.internal.runners.model.ReflectiveCallable.run(ReflectiveCallable.java:12)&#13;
	at org.junit.runners.model.FrameworkMethod.invokeExplosively(FrameworkMethod.java:47)&#13;
	at org.junit.internal.runners.statements.InvokeMethod.evaluate(InvokeMethod.java:17)&#13;
	at org.springframework.test.context.junit4.statements.RunBeforeTestExecutionCallbacks.evaluate(RunBeforeTestExecutionCallbacks.java:73)&#13;
	at org.springframework.test.context.junit4.statements.RunAfterTestExecutionCallbacks.evaluate(RunAfterTestExecutionCallbacks.java:83)&#13;
	at org.springframework.test.context.junit4.statements.RunBeforeTestMethodCallbacks.evaluate(RunBeforeTestMethodCallbacks.java:75)&#13;
	at org.springframework.test.context.junit4.statements.RunAfterTestMethodCallbacks.evaluate(RunAfterTestMethodCallbacks.java:86)&#13;
	at org.springframework.test.context.junit4.statements.SpringRepeat.evaluate(SpringRepeat.java:84)&#13;
	at org.junit.runners.ParentRunner.runLeaf(ParentRunner.java:325)&#13;
	at org.springframework.test.context.junit4.SpringJUnit4ClassRunner.runChild(SpringJUnit4ClassRunner.java:251)&#13;
	at org.springframework.test.context.junit4.SpringJUnit4ClassRunner.runChild(SpringJUnit4ClassRunner.java:97)&#13;
	at org.junit.runners.ParentRunner$3.run(ParentRunner.java:290)&#13;
	at org.junit.runners.ParentRunner$1.schedule(ParentRunner.java:71)&#13;
	at org.junit.runners.ParentRunner.runChildren(ParentRunner.java:288)&#13;
	at org.junit.runners.ParentRunner.access$000(ParentRunner.java:58)&#13;
	at org.junit.runners.ParentRunner$2.evaluate(ParentRunner.java:268)&#13;
	at org.springframework.test.context.junit4.statements.RunBeforeTestClassCallbacks.evaluate(RunBeforeTestClassCallbacks.java:61)&#13;
	at org.springframework.test.context.junit4.statements.RunAfterTestClassCallbacks.evaluate(RunAfterTestClassCallbacks.java:70)&#13;
	at org.junit.runners.ParentRunner.run(ParentRunner.java:363)&#13;
	at org.springframework.test.context.junit4.SpringJUnit4ClassRunner.run(SpringJUnit4ClassRunner.java:190)&#13;
	at org.junit.runner.JUnitCore.run(JUnitCore.java:137)&#13;
	at com.intellij.junit4.JUnit4IdeaTestRunner.startRunnerWithArgs(JUnit4IdeaTestRunner.java:68)&#13;
	at com.intellij.rt.execution.junit.IdeaTestRunner$Repeater.startRunnerWithArgs(IdeaTestRunner.java:47)&#13;
	at com.intellij.rt.execution.junit.JUnitStarter.prepareStreamsAndStart(JUnitStarter.java:242)&#13;
	at com.intellij.rt.execution.junit.JUnitStarter.main(JUnitStarter.java:70)&#13;
Caused by: javax.crypto.BadPaddingException: Decryption error&#13;
	at sun.security.rsa.RSAPadding.unpadV15(RSAPadding.java:380)&#13;
	at sun.security.rsa.RSAPadding.unpad(RSAPadding.java:291)&#13;
	at com.sun.crypto.provider.RSACipher.doFinal(RSACipher.java:356)&#13;
	at com.sun.crypto.provider.RSACipher.engineDoFinal(RSACipher.java:389)&#13;
	at javax.crypto.Cipher.doFinal(Cipher.java:2165)&#13;
	at com.hp.springboot.hibernate.validator6.utils.encrypt.RSAUtil.decrypt(RSAUtil.java:174)&#13;
	... 31 more&#13;
</output>
    </test>
</testrun>
